  源.cpp
C:\Users\31173\Desktop\用队列实现栈\源.cpp(18,2): error C3861: “assert”: 找不到标识符
C:\Users\31173\Desktop\用队列实现栈\源.cpp(19,13): error C2065: “NULL”: 未声明的标识符
C:\Users\31173\Desktop\用队列实现栈\源.cpp(20,13): error C2065: “NULL”: 未声明的标识符
C:\Users\31173\Desktop\用队列实现栈\源.cpp(25,2): error C3861: “assert”: 找不到标识符
C:\Users\31173\Desktop\用队列实现栈\源.cpp(26,27): error C3861: “malloc”: 找不到标识符
C:\Users\31173\Desktop\用队列实现栈\源.cpp(27,17): error C2065: “NULL”: 未声明的标识符
C:\Users\31173\Desktop\用队列实现栈\源.cpp(28,3): error C3861: “perror”: 找不到标识符
C:\Users\31173\Desktop\用队列实现栈\源.cpp(32,18): error C2065: “NULL”: 未声明的标识符
C:\Users\31173\Desktop\用队列实现栈\源.cpp(44,2): error C3861: “assert”: 找不到标识符
C:\Users\31173\Desktop\用队列实现栈\源.cpp(45,21): error C2065: “NULL”: 未声明的标识符
C:\Users\31173\Desktop\用队列实现栈\源.cpp(45,2): error C3861: “assert”: 找不到标识符
C:\Users\31173\Desktop\用队列实现栈\源.cpp(47,2): error C3861: “free”: 找不到标识符
C:\Users\31173\Desktop\用队列实现栈\源.cpp(49,18): error C2065: “NULL”: 未声明的标识符
C:\Users\31173\Desktop\用队列实现栈\源.cpp(50,14): error C2065: “NULL”: 未声明的标识符
C:\Users\31173\Desktop\用队列实现栈\源.cpp(56,2): error C3861: “assert”: 找不到标识符
C:\Users\31173\Desktop\用队列实现栈\源.cpp(57,21): error C2065: “NULL”: 未声明的标识符
C:\Users\31173\Desktop\用队列实现栈\源.cpp(57,2): error C3861: “assert”: 找不到标识符
C:\Users\31173\Desktop\用队列实现栈\源.cpp(62,2): error C3861: “assert”: 找不到标识符
C:\Users\31173\Desktop\用队列实现栈\源.cpp(63,21): error C2065: “NULL”: 未声明的标识符
C:\Users\31173\Desktop\用队列实现栈\源.cpp(63,2): error C3861: “assert”: 找不到标识符
C:\Users\31173\Desktop\用队列实现栈\源.cpp(68,2): error C3861: “assert”: 找不到标识符
C:\Users\31173\Desktop\用队列实现栈\源.cpp(73,2): error C3861: “assert”: 找不到标识符
C:\Users\31173\Desktop\用队列实现栈\源.cpp(81,2): error C3861: “assert”: 找不到标识符
C:\Users\31173\Desktop\用队列实现栈\源.cpp(85,3): error C3861: “free”: 找不到标识符
C:\Users\31173\Desktop\用队列实现栈\源.cpp(88,24): error C2065: “NULL”: 未声明的标识符
C:\Users\31173\Desktop\用队列实现栈\源.cpp(101,27): error C3861: “malloc”: 找不到标识符
C:\Users\31173\Desktop\用队列实现栈\源.cpp(149,2): error C3861: “free”: 找不到标识符
