  源.cpp
C:\Users\31173\Desktop\随机链表的深拷贝\源.cpp(3,17): error C2065: “NULL”: 未声明的标识符
C:\Users\31173\Desktop\随机链表的深拷贝\源.cpp(4,16): error C2065: “NULL”: 未声明的标识符
C:\Users\31173\Desktop\随机链表的深拷贝\源.cpp(8,53): error C2027: 使用了未定义类型“Node”
C:\Users\31173\Desktop\随机链表的深拷贝\源.cpp(2,8): message : 参见“Node”的声明
C:\Users\31173\Desktop\随机链表的深拷贝\源.cpp(8,46): error C3861: “malloc”: 找不到标识符
C:\Users\31173\Desktop\随机链表的深拷贝\源.cpp(9,9): error C2027: 使用了未定义类型“Node”
C:\Users\31173\Desktop\随机链表的深拷贝\源.cpp(2,8): message : 参见“Node”的声明
C:\Users\31173\Desktop\随机链表的深拷贝\源.cpp(9,24): error C2027: 使用了未定义类型“Node”
C:\Users\31173\Desktop\随机链表的深拷贝\源.cpp(2,8): message : 参见“Node”的声明
C:\Users\31173\Desktop\随机链表的深拷贝\源.cpp(10,9): error C2027: 使用了未定义类型“Node”
C:\Users\31173\Desktop\随机链表的深拷贝\源.cpp(2,8): message : 参见“Node”的声明
C:\Users\31173\Desktop\随机链表的深拷贝\源.cpp(10,25): error C2027: 使用了未定义类型“Node”
C:\Users\31173\Desktop\随机链表的深拷贝\源.cpp(2,8): message : 参见“Node”的声明
C:\Users\31173\Desktop\随机链表的深拷贝\源.cpp(11,9): error C2027: 使用了未定义类型“Node”
C:\Users\31173\Desktop\随机链表的深拷贝\源.cpp(2,8): message : 参见“Node”的声明
C:\Users\31173\Desktop\随机链表的深拷贝\源.cpp(12,16): error C2027: 使用了未定义类型“Node”
C:\Users\31173\Desktop\随机链表的深拷贝\源.cpp(2,8): message : 参见“Node”的声明
C:\Users\31173\Desktop\随机链表的深拷贝\源.cpp(16,13): error C2027: 使用了未定义类型“Node”
C:\Users\31173\Desktop\随机链表的深拷贝\源.cpp(2,8): message : 参见“Node”的声明
C:\Users\31173\Desktop\随机链表的深拷贝\源.cpp(17,13): error C2027: 使用了未定义类型“Node”
C:\Users\31173\Desktop\随机链表的深拷贝\源.cpp(2,8): message : 参见“Node”的声明
C:\Users\31173\Desktop\随机链表的深拷贝\源.cpp(17,34): error C2027: 使用了未定义类型“Node”
C:\Users\31173\Desktop\随机链表的深拷贝\源.cpp(2,8): message : 参见“Node”的声明
C:\Users\31173\Desktop\随机链表的深拷贝\源.cpp(20,13): error C2027: 使用了未定义类型“Node”
C:\Users\31173\Desktop\随机链表的深拷贝\源.cpp(2,8): message : 参见“Node”的声明
C:\Users\31173\Desktop\随机链表的深拷贝\源.cpp(20,34): error C2027: 使用了未定义类型“Node”
C:\Users\31173\Desktop\随机链表的深拷贝\源.cpp(2,8): message : 参见“Node”的声明
C:\Users\31173\Desktop\随机链表的深拷贝\源.cpp(22,16): error C2027: 使用了未定义类型“Node”
C:\Users\31173\Desktop\随机链表的深拷贝\源.cpp(2,8): message : 参见“Node”的声明
C:\Users\31173\Desktop\随机链表的深拷贝\源.cpp(25,28): error C2027: 使用了未定义类型“Node”
C:\Users\31173\Desktop\随机链表的深拷贝\源.cpp(2,8): message : 参见“Node”的声明
C:\Users\31173\Desktop\随机链表的深拷贝\源.cpp(28,9): error C2027: 使用了未定义类型“Node”
C:\Users\31173\Desktop\随机链表的深拷贝\源.cpp(2,8): message : 参见“Node”的声明
C:\Users\31173\Desktop\随机链表的深拷贝\源.cpp(28,22): error C2027: 使用了未定义类型“Node”
C:\Users\31173\Desktop\随机链表的深拷贝\源.cpp(2,8): message : 参见“Node”的声明
C:\Users\31173\Desktop\随机链表的深拷贝\源.cpp(29,16): error C2027: 使用了未定义类型“Node”
C:\Users\31173\Desktop\随机链表的深拷贝\源.cpp(2,8): message : 参见“Node”的声明
C:\Users\31173\Desktop\随机链表的深拷贝\源.cpp(31,13): error C2027: 使用了未定义类型“Node”
C:\Users\31173\Desktop\随机链表的深拷贝\源.cpp(2,8): message : 参见“Node”的声明
C:\Users\31173\Desktop\随机链表的深拷贝\源.cpp(31,29): error C2027: 使用了未定义类型“Node”
C:\Users\31173\Desktop\随机链表的深拷贝\源.cpp(2,8): message : 参见“Node”的声明
C:\Users\31173\Desktop\随机链表的深拷贝\源.cpp(32,23): error C2027: 使用了未定义类型“Node”
C:\Users\31173\Desktop\随机链表的深拷贝\源.cpp(2,8): message : 参见“Node”的声明
